<?xml version="1.0" encoding="UTF-8"?>
<!-- Generated by org.testng.reporters.JUnitXMLReporter -->
<testsuite ignored="2" hostname="LTIN217825" failures="0" tests="2" name="Test" time="73.272" errors="0" timestamp="2024-02-12T10:55:20 IST">
  <testcase classname="TestCase.TC01_Home" name="Home" time="16.821"/>
  <testcase classname="TestCase.TC02_SecondPAge" name="secondPagee" time="8.748"/>
  <testcase classname="TestBase.testBase" name="@BeforeTest setUp" time="0.0">
    <ignored/>
  </testcase> <!-- @BeforeTest setUp -->
  <testcase classname="TestBase.testBase" name="@AfterTest tearDown" time="0.0">
    <ignored/>
  </testcase> <!-- @AfterTest tearDown -->
</testsuite> <!-- Test -->
