<?xml version="1.0" encoding="UTF-8"?>
<testng-results ignored="0" total="2" passed="2" failed="0" skipped="0">
  <reporter-output>
  </reporter-output>
  <suite started-at="2024-02-12T10:54:07 IST" name="Suite" finished-at="2024-02-12T10:55:20 IST" duration-ms="73272">
    <groups>
    </groups>
    <test started-at="2024-02-12T10:54:07 IST" name="Test" finished-at="2024-02-12T10:55:20 IST" duration-ms="73272">
      <class name="TestCase.TC02_SecondPAge">
        <test-method signature="secondPagee()[pri:0, instance:TestCase.TC02_SecondPAge@53fb3dab]" started-at="2024-02-12T10:55:10 IST" name="secondPagee" finished-at="2024-02-12T10:55:19 IST" duration-ms="8748" status="PASS">
          <reporter-output>
          </reporter-output>
        </test-method> <!-- secondPagee -->
      </class> <!-- TestCase.TC02_SecondPAge -->
      <class name="TestCase.TC01_Home">
        <test-method is-config="true" signature="setUp()[pri:0, instance:TestCase.TC01_Home@19e4653c]" started-at="2024-02-12T10:54:07 IST" name="setUp" finished-at="2024-02-12T10:54:53 IST" duration-ms="46032" status="PASS">
          <reporter-output>
          </reporter-output>
        </test-method> <!-- setUp -->
        <test-method signature="Home()[pri:0, instance:TestCase.TC01_Home@19e4653c]" started-at="2024-02-12T10:54:53 IST" name="Home" finished-at="2024-02-12T10:55:10 IST" duration-ms="16821" status="PASS">
          <reporter-output>
          </reporter-output>
        </test-method> <!-- Home -->
        <test-method is-config="true" signature="tearDown()[pri:0, instance:TestCase.TC01_Home@19e4653c]" started-at="2024-02-12T10:55:19 IST" name="tearDown" finished-at="2024-02-12T10:55:20 IST" duration-ms="1475" status="PASS">
          <reporter-output>
          </reporter-output>
        </test-method> <!-- tearDown -->
      </class> <!-- TestCase.TC01_Home -->
    </test> <!-- Test -->
  </suite> <!-- Suite -->
</testng-results>
